app/build/intermediates/manifest_merge_blame_file/release/manifest-merger-blame-release-report.txt
1<?xml version="1.0" encoding="utf-8"?>
2<manifest xmlns:android="http://schemas.android.com/apk/res/android"
3    package="com.test.taxi"
4    android:versionCode="1"
5    android:versionName="1.0" >
6
7    <uses-sdk
8        android:minSdkVersion="16"
8-->src\main\AndroidManifest.xml
9        android:targetSdkVersion="30" />
9-->src\main\AndroidManifest.xml
10
11    <!-- Include required permissions for Google Mobile Ads to run -->
12    <uses-permission android:name="android.permission.INTERNET" />
12-->[com.google.android.gms:play-services-ads:7.5.0] AndroidManifest.xml:20:5-66
12-->[com.google.android.gms:play-services-ads:7.5.0] AndroidManifest.xml:20:22-64
13    <uses-permission android:name="android.permission.ACCESS_NETWORK_STATE" />
13-->[com.google.android.gms:play-services-ads:7.5.0] AndroidManifest.xml:21:5-78
13-->[com.google.android.gms:play-services-ads:7.5.0] AndroidManifest.xml:21:22-76
14    <uses-permission android:name="android.permission.GET_ACCOUNTS" />
14-->[com.google.android.gms:play-services-wallet:7.5.0] AndroidManifest.xml:21:5-70
14-->[com.google.android.gms:play-services-wallet:7.5.0] AndroidManifest.xml:21:22-68
15    <uses-permission android:name="android.permission.USE_CREDENTIALS" />
15-->[com.google.android.gms:play-services-wallet:7.5.0] AndroidManifest.xml:22:5-73
15-->[com.google.android.gms:play-services-wallet:7.5.0] AndroidManifest.xml:22:22-71
16    <uses-permission android:name="android.permission.WRITE_EXTERNAL_STORAGE" />
16-->[com.google.android.gms:play-services-maps:7.5.0] AndroidManifest.xml:22:5-80
16-->[com.google.android.gms:play-services-maps:7.5.0] AndroidManifest.xml:22:22-78
17    <uses-permission android:name="android.permission.ACCESS_COARSE_LOCATION" />
17-->[com.google.android.gms:play-services-maps:7.5.0] AndroidManifest.xml:23:5-80
17-->[com.google.android.gms:play-services-maps:7.5.0] AndroidManifest.xml:23:22-78
18
19    <uses-feature
19-->[com.google.android.gms:play-services-maps:7.5.0] AndroidManifest.xml:24:5-26:33
20        android:glEsVersion="0x00020000"
20-->[com.google.android.gms:play-services-maps:7.5.0] AndroidManifest.xml:25:8-40
21        android:required="true" />
21-->[com.google.android.gms:play-services-maps:7.5.0] AndroidManifest.xml:26:8-31
22
23    <uses-permission android:name="android.permission.READ_EXTERNAL_STORAGE" />
24
25    <application
25-->src\main\AndroidManifest.xml:5:5-22:19
26        android:allowBackup="true"
26-->src\main\AndroidManifest.xml:6:9-35
27        android:appComponentFactory="androidx.core.app.CoreComponentFactory"
27-->[androidx.core:core:1.3.1] AndroidManifest.xml:24:18-86
28        android:icon="@mipmap/ic_launcher"
28-->src\main\AndroidManifest.xml:7:9-43
29        android:label="@string/app_name"
29-->src\main\AndroidManifest.xml:8:9-41
30        android:roundIcon="@mipmap/ic_launcher_round"
30-->src\main\AndroidManifest.xml:9:9-54
31        android:supportsRtl="true"
31-->src\main\AndroidManifest.xml:10:9-35
32        android:testOnly="true"
33        android:theme="@style/AppTheme" >
33-->src\main\AndroidManifest.xml:11:9-40
34        <activity android:name="com.test.taxi.startmap" />
34-->src\main\AndroidManifest.xml:12:9-55
34-->src\main\AndroidManifest.xml:12:19-43
35        <activity android:name="com.test.taxi.signup" />
35-->src\main\AndroidManifest.xml:13:9-44
35-->src\main\AndroidManifest.xml:13:19-41
36        <activity android:name="com.test.taxi.signin" />
36-->src\main\AndroidManifest.xml:14:9-44
36-->src\main\AndroidManifest.xml:14:19-41
37        <activity android:name="com.test.taxi.MainActivity" >
37-->src\main\AndroidManifest.xml:15:9-21:20
37-->src\main\AndroidManifest.xml:15:19-47
38            <intent-filter>
38-->src\main\AndroidManifest.xml:16:13-20:29
39                <action android:name="android.intent.action.MAIN" />
39-->src\main\AndroidManifest.xml:17:17-69
39-->src\main\AndroidManifest.xml:17:25-66
40
41                <category android:name="android.intent.category.LAUNCHER" />
41-->src\main\AndroidManifest.xml:19:17-77
41-->src\main\AndroidManifest.xml:19:27-74
42            </intent-filter>
43        </activity>
44        <!-- Include the AdActivity and InAppPurchaseActivity configChanges and themes. -->
45        <activity
45-->[com.google.android.gms:play-services-ads:7.5.0] AndroidManifest.xml:26:9-29:64
46            android:name="com.google.android.gms.ads.AdActivity"
46-->[com.google.android.gms:play-services-ads:7.5.0] AndroidManifest.xml:27:13-65
47            android:configChanges="keyboard|keyboardHidden|orientation|screenLayout|uiMode|screenSize|smallestScreenSize"
47-->[com.google.android.gms:play-services-ads:7.5.0] AndroidManifest.xml:28:13-122
48            android:theme="@android:style/Theme.Translucent" />
48-->[com.google.android.gms:play-services-ads:7.5.0] AndroidManifest.xml:29:13-61
49        <activity
49-->[com.google.android.gms:play-services-ads:7.5.0] AndroidManifest.xml:30:9-31:52
50            android:name="com.google.android.gms.ads.purchase.InAppPurchaseActivity"
50-->[com.google.android.gms:play-services-ads:7.5.0] AndroidManifest.xml:30:19-91
51            android:theme="@style/Theme.IAPTheme" />
51-->[com.google.android.gms:play-services-ads:7.5.0] AndroidManifest.xml:31:13-50
52
53        <meta-data
53-->[com.google.android.gms:play-services-wallet:7.5.0] AndroidManifest.xml:25:9-27:36
54            android:name="com.google.android.gms.wallet.api.enabled"
54-->[com.google.android.gms:play-services-wallet:7.5.0] AndroidManifest.xml:26:13-69
55            android:value="true" />
55-->[com.google.android.gms:play-services-wallet:7.5.0] AndroidManifest.xml:27:13-33
56
57        <receiver
57-->[com.google.android.gms:play-services-wallet:7.5.0] AndroidManifest.xml:28:9-34:20
58            android:name="com.google.android.gms.wallet.EnableWalletOptimizationReceiver"
58-->[com.google.android.gms:play-services-wallet:7.5.0] AndroidManifest.xml:29:13-90
59            android:exported="false" >
59-->[com.google.android.gms:play-services-wallet:7.5.0] AndroidManifest.xml:30:13-37
60            <intent-filter>
60-->[com.google.android.gms:play-services-wallet:7.5.0] AndroidManifest.xml:31:13-33:29
61                <action android:name="com.google.android.gms.wallet.ENABLE_WALLET_OPTIMIZATION" />
61-->[com.google.android.gms:play-services-wallet:7.5.0] AndroidManifest.xml:32:17-99
61-->[com.google.android.gms:play-services-wallet:7.5.0] AndroidManifest.xml:32:25-96
62            </intent-filter>
63        </receiver>
64
65        <meta-data
65-->[com.google.android.gms:play-services-base:7.5.0] AndroidManifest.xml:21:9-23:69
66            android:name="com.google.android.gms.version"
66-->[com.google.android.gms:play-services-base:7.5.0] AndroidManifest.xml:22:13-58
67            android:value="@integer/google_play_services_version" />
67-->[com.google.android.gms:play-services-base:7.5.0] AndroidManifest.xml:23:13-66
68    </application>
69
70</manifest>